Using pre-set license
Built from '2021.1/staging' branch; Version is '2021.1.6f1 (c0fade0cc7e9) revision 12647134'; Using compiler version '192528614'; Build Type 'Release'
OS: 'Windows 10 Pro; OS build 19042.928; Version 2009; 64bit' Language: 'en' Physical Memory: 12228 MB
BatchMode: 1, IsHumanControllingUs: 0, StartBugReporterOnCrash: 0, Is64bit: 1, IsPro: 0

 COMMAND LINE ARGUMENTS:
C:\Program Files\Unity\Hub\Editor\2021.1.6f1\Editor\Unity.exe
-adb2
-batchMode
-noUpm
-name
AssetImportWorker1
-projectPath
D:/UnityProjects/VRExperiment
-logFile
Logs/AssetImportWorker1.log
-srvPort
55859
Successfully changed project path to: D:/UnityProjects/VRExperiment
D:/UnityProjects/VRExperiment
Using Asset Import Pipeline V2.
Refreshing native plugins compatible for Editor in 173.00 ms, found 9 plugins.
Preloading 1 native plugins for Editor in 1.49 ms.
Initialize engine version: 2021.1.6f1 (c0fade0cc7e9)
[Subsystems] Discovering subsystems at path C:/Program Files/Unity/Hub/Editor/2021.1.6f1/Editor/Data/Resources/UnitySubsystems
[Subsystems] Discovering subsystems at path D:/UnityProjects/VRExperiment/Assets
GfxDevice: creating device client; threaded=0; jobified=0
Direct3D:
    Version:  Direct3D 11.0 [level 11.1]
    Renderer: NVIDIA GeForce GTX 970 (ID=0x13c2)
    Vendor:   NVIDIA
    VRAM:     4043 MB
    Driver:   27.21.14.6589
Shader 'Universal Render Pipeline/Particles/Lit': fallback shader 'Universal Render Pipeline/Particles/SimpleLit' not found
Initialize mono
Mono path[0] = 'C:/Program Files/Unity/Hub/Editor/2021.1.6f1/Editor/Data/Managed'
Mono path[1] = 'C:/Program Files/Unity/Hub/Editor/2021.1.6f1/Editor/Data/MonoBleedingEdge/lib/mono/unityjit'
Mono config path = 'C:/Program Files/Unity/Hub/Editor/2021.1.6f1/Editor/Data/MonoBleedingEdge/etc'
Using monoOptions --debugger-agent=transport=dt_socket,embedding=1,server=y,suspend=n,address=127.0.0.1:56396
Begin MonoManager ReloadAssembly
Registering precompiled unity dll's ...
Register platform support module: C:/Program Files/Unity/Hub/Editor/2021.1.6f1/Editor/Data/PlaybackEngines/WindowsStandaloneSupport/UnityEditor.WindowsStandalone.Extensions.dll
Registered in 0.004077 seconds.
Native extension for WindowsStandalone target not found
Refreshing native plugins compatible for Editor in 145.87 ms, found 9 plugins.
Preloading 1 native plugins for Editor in 0.27 ms.
Mono: successfully reloaded assembly
- Completed reload, in  2.796 seconds
Platform modules already initialized, skipping
Registering precompiled user dll's ...
Registered in 0.023872 seconds.
Begin MonoManager ReloadAssembly
Native extension for WindowsStandalone target not found
Refreshing native plugins compatible for Editor in 149.68 ms, found 9 plugins.
Preloading 1 native plugins for Editor in 0.25 ms.
[XR] OculusXRPlugin: registering subsystems
[XR] Unable to register display lifecyle provider: [1]
[XR] Oculus Input lifecycle provider registered.
[XR] Unable to register input lifecyle provider: [1]
NullReferenceException: Object reference not set to an instance of an object
  at Unity.XR.Oculus.OculusLoader.AssetPathToAbsolutePath (System.String assetPath) [0x00048] in D:\UnityProjects\VRExperiment\Library\PackageCache\com.unity.xr.oculus@1.9.0\Runtime\OculusLoader.cs:249 
  at Unity.XR.Oculus.OculusLoader.EditorLoadOVRPlugin () [0x0007b] in D:\UnityProjects\VRExperiment\Library\PackageCache\com.unity.xr.oculus@1.9.0\Runtime\OculusLoader.cs:234 

(Filename: Library/PackageCache/com.unity.xr.oculus@1.9.0/Runtime/OculusLoader.cs Line: 249)

Mono: successfully reloaded assembly
- Completed reload, in  1.895 seconds
Platform modules already initialized, skipping
========================================================================
Worker process is ready to serve import requests
Shader 'Universal Render Pipeline/Particles/Lit': fallback shader 'Universal Render Pipeline/Particles/SimpleLit' not found
Launched and connected shader compiler UnityShaderCompiler.exe after 0.05 seconds
Refreshing native plugins compatible for Editor in 1.49 ms, found 9 plugins.
Preloading 1 native plugins for Editor in 0.23 ms.
Unloading 4634 Unused Serialized files (Serialized files now loaded: 0)
System memory in use before: 186.5 MB.
System memory in use after: 186.5 MB.

Unloading 33 unused Assets to reduce memory usage. Loaded Objects now: 5095.
Total: 3.449100 ms (FindLiveObjects: 0.408800 ms CreateObjectMapping: 0.257800 ms MarkObjects: 2.681500 ms  DeleteObjects: 0.099000 ms)

========================================================================
Received Import Request.
  path: Assets/XR/XRGeneralSettings.asset
  artifactKey: Guid(0c39dd23fa5f14d4796fc94fd2a30292) Importer(815301076,1909f56bfc062723c751e8b465ee728b)
Start importing Assets/XR/XRGeneralSettings.asset using Guid(0c39dd23fa5f14d4796fc94fd2a30292) Importer(815301076,1909f56bfc062723c751e8b465ee728b)  -> (artifact id: '566a58c6db3bf62dd28d348803ab44e2') in 0.064865 seconds 
========================================================================
Received Prepare
Registering precompiled user dll's ...
Registered in 0.023840 seconds.
Begin MonoManager ReloadAssembly
Native extension for WindowsStandalone target not found
Refreshing native plugins compatible for Editor in 1.59 ms, found 9 plugins.
Preloading 1 native plugins for Editor in 0.27 ms.
NullReferenceException: Object reference not set to an instance of an object
  at Unity.XR.Oculus.OculusLoader.AssetPathToAbsolutePath (System.String assetPath) [0x00048] in D:\UnityProjects\VRExperiment\Library\PackageCache\com.unity.xr.oculus@1.9.0\Runtime\OculusLoader.cs:249 
  at Unity.XR.Oculus.OculusLoader.EditorLoadOVRPlugin () [0x0007b] in D:\UnityProjects\VRExperiment\Library\PackageCache\com.unity.xr.oculus@1.9.0\Runtime\OculusLoader.cs:234 

(Filename: Library/PackageCache/com.unity.xr.oculus@1.9.0/Runtime/OculusLoader.cs Line: 249)

Mono: successfully reloaded assembly
- Completed reload, in  1.692 seconds
Platform modules already initialized, skipping
Switching build target platform(19) subTarget(0) extendedPlatform(0) -> platform(13) subTarget(524288) extendedPlatform(0)
Shader 'Universal Render Pipeline/Particles/Lit': fallback shader 'Universal Render Pipeline/Particles/SimpleLit' not found
Refreshing native plugins compatible for Editor in 1.53 ms, found 9 plugins.
Preloading 1 native plugins for Editor in 0.21 ms.
Unloading 4495 Unused Serialized files (Serialized files now loaded: 0)
System memory in use before: 175.3 MB.
System memory in use after: 175.6 MB.

Unloading 26 unused Assets to reduce memory usage. Loaded Objects now: 5099.
Total: 7.287600 ms (FindLiveObjects: 0.435700 ms CreateObjectMapping: 0.251300 ms MarkObjects: 6.557600 ms  DeleteObjects: 0.040900 ms)

AssetImportParameters requested are different than current active one (requested -> active):
  custom:graphics/normal-map-encoding: 01000000000000000000000000000000 -> 02000000000000000000000000000000
========================================================================
Received Prepare
Registering precompiled user dll's ...
Registered in 0.024043 seconds.
Begin MonoManager ReloadAssembly
Native extension for WindowsStandalone target not found
Refreshing native plugins compatible for Editor in 1.51 ms, found 9 plugins.
Preloading 1 native plugins for Editor in 0.25 ms.
NullReferenceException: Object reference not set to an instance of an object
  at Unity.XR.Oculus.OculusLoader.AssetPathToAbsolutePath (System.String assetPath) [0x00048] in D:\UnityProjects\VRExperiment\Library\PackageCache\com.unity.xr.oculus@1.9.0\Runtime\OculusLoader.cs:249 
  at Unity.XR.Oculus.OculusLoader.EditorLoadOVRPlugin () [0x0007b] in D:\UnityProjects\VRExperiment\Library\PackageCache\com.unity.xr.oculus@1.9.0\Runtime\OculusLoader.cs:234 

(Filename: Library/PackageCache/com.unity.xr.oculus@1.9.0/Runtime/OculusLoader.cs Line: 249)

Mono: successfully reloaded assembly
- Completed reload, in  1.654 seconds
Platform modules already initialized, skipping
Switching build target platform(19) subTarget(0) extendedPlatform(0) -> platform(13) subTarget(524288) extendedPlatform(0)
Shader 'Universal Render Pipeline/Particles/Lit': fallback shader 'Universal Render Pipeline/Particles/SimpleLit' not found
Refreshing native plugins compatible for Editor in 1.52 ms, found 9 plugins.
Preloading 1 native plugins for Editor in 0.21 ms.
Unloading 4495 Unused Serialized files (Serialized files now loaded: 0)
System memory in use before: 175.4 MB.
System memory in use after: 175.7 MB.

Unloading 26 unused Assets to reduce memory usage. Loaded Objects now: 5103.
Total: 3.525100 ms (FindLiveObjects: 0.414600 ms CreateObjectMapping: 0.241300 ms MarkObjects: 2.830000 ms  DeleteObjects: 0.037500 ms)

AssetImportParameters requested are different than current active one (requested -> active):
  custom:graphics/normal-map-encoding: 01000000000000000000000000000000 -> 02000000000000000000000000000000
========================================================================
Received Prepare
Registering precompiled user dll's ...
Registered in 0.023400 seconds.
Begin MonoManager ReloadAssembly
Native extension for WindowsStandalone target not found
Refreshing native plugins compatible for Editor in 1.50 ms, found 9 plugins.
Preloading 1 native plugins for Editor in 0.25 ms.
NullReferenceException: Object reference not set to an instance of an object
  at Unity.XR.Oculus.OculusLoader.AssetPathToAbsolutePath (System.String assetPath) [0x00048] in D:\UnityProjects\VRExperiment\Library\PackageCache\com.unity.xr.oculus@1.9.0\Runtime\OculusLoader.cs:249 
  at Unity.XR.Oculus.OculusLoader.EditorLoadOVRPlugin () [0x0007b] in D:\UnityProjects\VRExperiment\Library\PackageCache\com.unity.xr.oculus@1.9.0\Runtime\OculusLoader.cs:234 

(Filename: Library/PackageCache/com.unity.xr.oculus@1.9.0/Runtime/OculusLoader.cs Line: 249)

Mono: successfully reloaded assembly
- Completed reload, in  1.686 seconds
Platform modules already initialized, skipping
Switching build target platform(19) subTarget(0) extendedPlatform(0) -> platform(13) subTarget(524288) extendedPlatform(0)
Shader 'Universal Render Pipeline/Particles/Lit': fallback shader 'Universal Render Pipeline/Particles/SimpleLit' not found
Refreshing native plugins compatible for Editor in 1.52 ms, found 9 plugins.
Preloading 1 native plugins for Editor in 0.22 ms.
Unloading 4495 Unused Serialized files (Serialized files now loaded: 0)
System memory in use before: 175.5 MB.
System memory in use after: 175.7 MB.

Unloading 26 unused Assets to reduce memory usage. Loaded Objects now: 5107.
Total: 3.540000 ms (FindLiveObjects: 0.436700 ms CreateObjectMapping: 0.269700 ms MarkObjects: 2.797300 ms  DeleteObjects: 0.034200 ms)

AssetImportParameters requested are different than current active one (requested -> active):
  custom:graphics/normal-map-encoding: 01000000000000000000000000000000 -> 02000000000000000000000000000000
========================================================================
Received Prepare
Registering precompiled user dll's ...
Registered in 0.023575 seconds.
Begin MonoManager ReloadAssembly
Native extension for WindowsStandalone target not found
Refreshing native plugins compatible for Editor in 1.49 ms, found 9 plugins.
Preloading 1 native plugins for Editor in 0.24 ms.
NullReferenceException: Object reference not set to an instance of an object
  at Unity.XR.Oculus.OculusLoader.AssetPathToAbsolutePath (System.String assetPath) [0x00048] in D:\UnityProjects\VRExperiment\Library\PackageCache\com.unity.xr.oculus@1.9.0\Runtime\OculusLoader.cs:249 
  at Unity.XR.Oculus.OculusLoader.EditorLoadOVRPlugin () [0x0007b] in D:\UnityProjects\VRExperiment\Library\PackageCache\com.unity.xr.oculus@1.9.0\Runtime\OculusLoader.cs:234 

(Filename: Library/PackageCache/com.unity.xr.oculus@1.9.0/Runtime/OculusLoader.cs Line: 249)

Mono: successfully reloaded assembly
- Completed reload, in  1.664 seconds
Platform modules already initialized, skipping
Switching build target platform(19) subTarget(0) extendedPlatform(0) -> platform(13) subTarget(524288) extendedPlatform(0)
Shader 'Universal Render Pipeline/Particles/Lit': fallback shader 'Universal Render Pipeline/Particles/SimpleLit' not found
Refreshing native plugins compatible for Editor in 1.54 ms, found 9 plugins.
Preloading 1 native plugins for Editor in 0.21 ms.
Unloading 4495 Unused Serialized files (Serialized files now loaded: 0)
System memory in use before: 175.5 MB.
System memory in use after: 175.8 MB.

Unloading 26 unused Assets to reduce memory usage. Loaded Objects now: 5111.
Total: 3.491700 ms (FindLiveObjects: 0.422200 ms CreateObjectMapping: 0.236800 ms MarkObjects: 2.802500 ms  DeleteObjects: 0.028500 ms)

AssetImportParameters requested are different than current active one (requested -> active):
  custom:graphics/normal-map-encoding: 01000000000000000000000000000000 -> 02000000000000000000000000000000
========================================================================
Received Prepare
Registering precompiled user dll's ...
Registered in 0.023690 seconds.
Begin MonoManager ReloadAssembly
Native extension for WindowsStandalone target not found
Refreshing native plugins compatible for Editor in 1.55 ms, found 9 plugins.
Preloading 1 native plugins for Editor in 0.27 ms.
NullReferenceException: Object reference not set to an instance of an object
  at Unity.XR.Oculus.OculusLoader.AssetPathToAbsolutePath (System.String assetPath) [0x00048] in D:\UnityProjects\VRExperiment\Library\PackageCache\com.unity.xr.oculus@1.9.0\Runtime\OculusLoader.cs:249 
  at Unity.XR.Oculus.OculusLoader.EditorLoadOVRPlugin () [0x0007b] in D:\UnityProjects\VRExperiment\Library\PackageCache\com.unity.xr.oculus@1.9.0\Runtime\OculusLoader.cs:234 

(Filename: Library/PackageCache/com.unity.xr.oculus@1.9.0/Runtime/OculusLoader.cs Line: 249)

Mono: successfully reloaded assembly
- Completed reload, in  1.790 seconds
Platform modules already initialized, skipping
Switching build target platform(19) subTarget(0) extendedPlatform(0) -> platform(13) subTarget(524288) extendedPlatform(0)
Shader 'Universal Render Pipeline/Particles/Lit': fallback shader 'Universal Render Pipeline/Particles/SimpleLit' not found
Refreshing native plugins compatible for Editor in 1.53 ms, found 9 plugins.
Preloading 1 native plugins for Editor in 0.21 ms.
Unloading 4495 Unused Serialized files (Serialized files now loaded: 0)
System memory in use before: 175.5 MB.
System memory in use after: 175.8 MB.

Unloading 26 unused Assets to reduce memory usage. Loaded Objects now: 5115.
Total: 3.493800 ms (FindLiveObjects: 0.425200 ms CreateObjectMapping: 0.230700 ms MarkObjects: 2.808400 ms  DeleteObjects: 0.027800 ms)

AssetImportParameters requested are different than current active one (requested -> active):
  custom:graphics/normal-map-encoding: 01000000000000000000000000000000 -> 02000000000000000000000000000000
========================================================================
Received Import Request.
  Time since last request: 754.848810 seconds.
  path: Assets/CollisionObject.cs
  artifactKey: Guid(ab9706aed913a6f428351f4fa9339cf7) Importer(815301076,1909f56bfc062723c751e8b465ee728b)
Start importing Assets/CollisionObject.cs using Guid(ab9706aed913a6f428351f4fa9339cf7) Importer(815301076,1909f56bfc062723c751e8b465ee728b)  -> (artifact id: '4392dbc730fc9d8ac75fdda0193f86cb') in 0.028517 seconds 
========================================================================
Received Prepare
Registering precompiled user dll's ...
Registered in 0.026761 seconds.
Begin MonoManager ReloadAssembly
Native extension for WindowsStandalone target not found
Refreshing native plugins compatible for Editor in 1.53 ms, found 9 plugins.
Preloading 1 native plugins for Editor in 0.26 ms.
NullReferenceException: Object reference not set to an instance of an object
  at Unity.XR.Oculus.OculusLoader.AssetPathToAbsolutePath (System.String assetPath) [0x00048] in D:\UnityProjects\VRExperiment\Library\PackageCache\com.unity.xr.oculus@1.9.0\Runtime\OculusLoader.cs:249 
  at Unity.XR.Oculus.OculusLoader.EditorLoadOVRPlugin () [0x0007b] in D:\UnityProjects\VRExperiment\Library\PackageCache\com.unity.xr.oculus@1.9.0\Runtime\OculusLoader.cs:234 

(Filename: Library/PackageCache/com.unity.xr.oculus@1.9.0/Runtime/OculusLoader.cs Line: 249)

Mono: successfully reloaded assembly
- Completed reload, in  1.835 seconds
Platform modules already initialized, skipping
Switching build target platform(19) subTarget(0) extendedPlatform(0) -> platform(13) subTarget(524288) extendedPlatform(0)
Shader 'Universal Render Pipeline/Particles/Lit': fallback shader 'Universal Render Pipeline/Particles/SimpleLit' not found
Refreshing native plugins compatible for Editor in 1.53 ms, found 9 plugins.
Preloading 1 native plugins for Editor in 0.21 ms.
Unloading 4495 Unused Serialized files (Serialized files now loaded: 0)
System memory in use before: 175.5 MB.
System memory in use after: 175.8 MB.

Unloading 26 unused Assets to reduce memory usage. Loaded Objects now: 5119.
Total: 3.368600 ms (FindLiveObjects: 0.416000 ms CreateObjectMapping: 0.236500 ms MarkObjects: 2.686400 ms  DeleteObjects: 0.027900 ms)

AssetImportParameters requested are different than current active one (requested -> active):
  custom:graphics/normal-map-encoding: 01000000000000000000000000000000 -> 02000000000000000000000000000000
========================================================================
Received Prepare
Registering precompiled user dll's ...
Registered in 0.023995 seconds.
Begin MonoManager ReloadAssembly
Native extension for WindowsStandalone target not found
Refreshing native plugins compatible for Editor in 1.52 ms, found 9 plugins.
Preloading 1 native plugins for Editor in 0.24 ms.
NullReferenceException: Object reference not set to an instance of an object
  at Unity.XR.Oculus.OculusLoader.AssetPathToAbsolutePath (System.String assetPath) [0x00048] in D:\UnityProjects\VRExperiment\Library\PackageCache\com.unity.xr.oculus@1.9.0\Runtime\OculusLoader.cs:249 
  at Unity.XR.Oculus.OculusLoader.EditorLoadOVRPlugin () [0x0007b] in D:\UnityProjects\VRExperiment\Library\PackageCache\com.unity.xr.oculus@1.9.0\Runtime\OculusLoader.cs:234 

(Filename: Library/PackageCache/com.unity.xr.oculus@1.9.0/Runtime/OculusLoader.cs Line: 249)

Mono: successfully reloaded assembly
- Completed reload, in  1.757 seconds
Platform modules already initialized, skipping
Switching build target platform(19) subTarget(0) extendedPlatform(0) -> platform(13) subTarget(524288) extendedPlatform(0)
Shader 'Universal Render Pipeline/Particles/Lit': fallback shader 'Universal Render Pipeline/Particles/SimpleLit' not found
Refreshing native plugins compatible for Editor in 1.57 ms, found 9 plugins.
Preloading 1 native plugins for Editor in 0.22 ms.
Unloading 4495 Unused Serialized files (Serialized files now loaded: 0)
System memory in use before: 175.5 MB.
System memory in use after: 175.8 MB.

Unloading 26 unused Assets to reduce memory usage. Loaded Objects now: 5123.
Total: 3.567800 ms (FindLiveObjects: 0.424300 ms CreateObjectMapping: 0.242800 ms MarkObjects: 2.870300 ms  DeleteObjects: 0.029100 ms)

AssetImportParameters requested are different than current active one (requested -> active):
  custom:graphics/normal-map-encoding: 01000000000000000000000000000000 -> 02000000000000000000000000000000
========================================================================
Received Prepare
Registering precompiled user dll's ...
Registered in 0.023153 seconds.
Begin MonoManager ReloadAssembly
Native extension for WindowsStandalone target not found
Refreshing native plugins compatible for Editor in 1.55 ms, found 9 plugins.
Preloading 1 native plugins for Editor in 0.25 ms.
NullReferenceException: Object reference not set to an instance of an object
  at Unity.XR.Oculus.OculusLoader.AssetPathToAbsolutePath (System.String assetPath) [0x00048] in D:\UnityProjects\VRExperiment\Library\PackageCache\com.unity.xr.oculus@1.9.0\Runtime\OculusLoader.cs:249 
  at Unity.XR.Oculus.OculusLoader.EditorLoadOVRPlugin () [0x0007b] in D:\UnityProjects\VRExperiment\Library\PackageCache\com.unity.xr.oculus@1.9.0\Runtime\OculusLoader.cs:234 

(Filename: Library/PackageCache/com.unity.xr.oculus@1.9.0/Runtime/OculusLoader.cs Line: 249)

Mono: successfully reloaded assembly
- Completed reload, in  1.777 seconds
Platform modules already initialized, skipping
Switching build target platform(19) subTarget(0) extendedPlatform(0) -> platform(13) subTarget(524288) extendedPlatform(0)
Shader 'Universal Render Pipeline/Particles/Lit': fallback shader 'Universal Render Pipeline/Particles/SimpleLit' not found
Refreshing native plugins compatible for Editor in 1.50 ms, found 9 plugins.
Preloading 1 native plugins for Editor in 0.21 ms.
Unloading 4495 Unused Serialized files (Serialized files now loaded: 0)
System memory in use before: 175.5 MB.
System memory in use after: 175.8 MB.

Unloading 26 unused Assets to reduce memory usage. Loaded Objects now: 5127.
Total: 3.703000 ms (FindLiveObjects: 0.427000 ms CreateObjectMapping: 0.240100 ms MarkObjects: 3.003400 ms  DeleteObjects: 0.030800 ms)

AssetImportParameters requested are different than current active one (requested -> active):
  custom:graphics/normal-map-encoding: 01000000000000000000000000000000 -> 02000000000000000000000000000000
========================================================================
Received Prepare
Registering precompiled user dll's ...
Registered in 0.027420 seconds.
Begin MonoManager ReloadAssembly
Native extension for WindowsStandalone target not found
Refreshing native plugins compatible for Editor in 1.55 ms, found 9 plugins.
Preloading 1 native plugins for Editor in 0.28 ms.
NullReferenceException: Object reference not set to an instance of an object
  at Unity.XR.Oculus.OculusLoader.AssetPathToAbsolutePath (System.String assetPath) [0x00048] in D:\UnityProjects\VRExperiment\Library\PackageCache\com.unity.xr.oculus@1.9.0\Runtime\OculusLoader.cs:249 
  at Unity.XR.Oculus.OculusLoader.EditorLoadOVRPlugin () [0x0007b] in D:\UnityProjects\VRExperiment\Library\PackageCache\com.unity.xr.oculus@1.9.0\Runtime\OculusLoader.cs:234 

(Filename: Library/PackageCache/com.unity.xr.oculus@1.9.0/Runtime/OculusLoader.cs Line: 249)

Mono: successfully reloaded assembly
- Completed reload, in  1.877 seconds
Platform modules already initialized, skipping
Switching build target platform(19) subTarget(0) extendedPlatform(0) -> platform(13) subTarget(524288) extendedPlatform(0)
Shader 'Universal Render Pipeline/Particles/Lit': fallback shader 'Universal Render Pipeline/Particles/SimpleLit' not found
Refreshing native plugins compatible for Editor in 1.74 ms, found 9 plugins.
Preloading 1 native plugins for Editor in 0.25 ms.
Unloading 4495 Unused Serialized files (Serialized files now loaded: 0)
System memory in use before: 175.6 MB.
System memory in use after: 175.8 MB.

Unloading 26 unused Assets to reduce memory usage. Loaded Objects now: 5131.
Total: 3.723300 ms (FindLiveObjects: 0.442000 ms CreateObjectMapping: 0.248600 ms MarkObjects: 2.986000 ms  DeleteObjects: 0.044700 ms)

AssetImportParameters requested are different than current active one (requested -> active):
  custom:graphics/normal-map-encoding: 01000000000000000000000000000000 -> 02000000000000000000000000000000
========================================================================
Received Prepare
Registering precompiled user dll's ...
Registered in 0.023492 seconds.
Begin MonoManager ReloadAssembly
Native extension for WindowsStandalone target not found
Refreshing native plugins compatible for Editor in 1.51 ms, found 9 plugins.
Preloading 1 native plugins for Editor in 0.25 ms.
NullReferenceException: Object reference not set to an instance of an object
  at Unity.XR.Oculus.OculusLoader.AssetPathToAbsolutePath (System.String assetPath) [0x00048] in D:\UnityProjects\VRExperiment\Library\PackageCache\com.unity.xr.oculus@1.9.0\Runtime\OculusLoader.cs:249 
  at Unity.XR.Oculus.OculusLoader.EditorLoadOVRPlugin () [0x0007b] in D:\UnityProjects\VRExperiment\Library\PackageCache\com.unity.xr.oculus@1.9.0\Runtime\OculusLoader.cs:234 

(Filename: Library/PackageCache/com.unity.xr.oculus@1.9.0/Runtime/OculusLoader.cs Line: 249)

Mono: successfully reloaded assembly
- Completed reload, in  1.775 seconds
Platform modules already initialized, skipping
Switching build target platform(19) subTarget(0) extendedPlatform(0) -> platform(13) subTarget(524288) extendedPlatform(0)
Shader 'Universal Render Pipeline/Particles/Lit': fallback shader 'Universal Render Pipeline/Particles/SimpleLit' not found
Refreshing native plugins compatible for Editor in 1.50 ms, found 9 plugins.
Preloading 1 native plugins for Editor in 0.21 ms.
Unloading 4495 Unused Serialized files (Serialized files now loaded: 0)
System memory in use before: 175.6 MB.
System memory in use after: 175.8 MB.

Unloading 26 unused Assets to reduce memory usage. Loaded Objects now: 5135.
Total: 3.559300 ms (FindLiveObjects: 0.428800 ms CreateObjectMapping: 0.236600 ms MarkObjects: 2.860600 ms  DeleteObjects: 0.031300 ms)

AssetImportParameters requested are different than current active one (requested -> active):
  custom:graphics/normal-map-encoding: 01000000000000000000000000000000 -> 02000000000000000000000000000000
========================================================================
Received Prepare
Registering precompiled user dll's ...
Registered in 0.023355 seconds.
Begin MonoManager ReloadAssembly
Native extension for WindowsStandalone target not found
Refreshing native plugins compatible for Editor in 1.55 ms, found 9 plugins.
Preloading 1 native plugins for Editor in 0.27 ms.
NullReferenceException: Object reference not set to an instance of an object
  at Unity.XR.Oculus.OculusLoader.AssetPathToAbsolutePath (System.String assetPath) [0x00048] in D:\UnityProjects\VRExperiment\Library\PackageCache\com.unity.xr.oculus@1.9.0\Runtime\OculusLoader.cs:249 
  at Unity.XR.Oculus.OculusLoader.EditorLoadOVRPlugin () [0x0007b] in D:\UnityProjects\VRExperiment\Library\PackageCache\com.unity.xr.oculus@1.9.0\Runtime\OculusLoader.cs:234 

(Filename: Library/PackageCache/com.unity.xr.oculus@1.9.0/Runtime/OculusLoader.cs Line: 249)

Mono: successfully reloaded assembly
- Completed reload, in  1.772 seconds
Platform modules already initialized, skipping
Switching build target platform(19) subTarget(0) extendedPlatform(0) -> platform(13) subTarget(524288) extendedPlatform(0)
Shader 'Universal Render Pipeline/Particles/Lit': fallback shader 'Universal Render Pipeline/Particles/SimpleLit' not found
Refreshing native plugins compatible for Editor in 1.50 ms, found 9 plugins.
Preloading 1 native plugins for Editor in 0.21 ms.
Unloading 4495 Unused Serialized files (Serialized files now loaded: 0)
System memory in use before: 175.6 MB.
System memory in use after: 175.8 MB.

Unloading 26 unused Assets to reduce memory usage. Loaded Objects now: 5139.
Total: 3.626300 ms (FindLiveObjects: 0.447300 ms CreateObjectMapping: 0.233400 ms MarkObjects: 2.914300 ms  DeleteObjects: 0.029600 ms)

AssetImportParameters requested are different than current active one (requested -> active):
  custom:graphics/normal-map-encoding: 01000000000000000000000000000000 -> 02000000000000000000000000000000
========================================================================
Received Import Request.
  Time since last request: 2197.083877 seconds.
  path: Assets/Controller.prefab
  artifactKey: Guid(9dd19ac2a90a1c8478af9c5484875339) Importer(815301076,1909f56bfc062723c751e8b465ee728b)
Start importing Assets/Controller.prefab using Guid(9dd19ac2a90a1c8478af9c5484875339) Importer(815301076,1909f56bfc062723c751e8b465ee728b)  -> (artifact id: '5749cb3b569543bad32aafe016879632') in 0.270054 seconds 
========================================================================
Received Prepare
Registering precompiled user dll's ...
Registered in 0.023334 seconds.
Begin MonoManager ReloadAssembly
Native extension for WindowsStandalone target not found
Refreshing native plugins compatible for Editor in 1.53 ms, found 9 plugins.
Preloading 1 native plugins for Editor in 0.25 ms.
NullReferenceException: Object reference not set to an instance of an object
  at Unity.XR.Oculus.OculusLoader.AssetPathToAbsolutePath (System.String assetPath) [0x00048] in D:\UnityProjects\VRExperiment\Library\PackageCache\com.unity.xr.oculus@1.9.0\Runtime\OculusLoader.cs:249 
  at Unity.XR.Oculus.OculusLoader.EditorLoadOVRPlugin () [0x0007b] in D:\UnityProjects\VRExperiment\Library\PackageCache\com.unity.xr.oculus@1.9.0\Runtime\OculusLoader.cs:234 

(Filename: Library/PackageCache/com.unity.xr.oculus@1.9.0/Runtime/OculusLoader.cs Line: 249)

Mono: successfully reloaded assembly
- Completed reload, in  1.890 seconds
Platform modules already initialized, skipping
Switching build target platform(19) subTarget(0) extendedPlatform(0) -> platform(13) subTarget(524288) extendedPlatform(0)
Shader 'Universal Render Pipeline/Particles/Lit': fallback shader 'Universal Render Pipeline/Particles/SimpleLit' not found
Refreshing native plugins compatible for Editor in 2.16 ms, found 9 plugins.
Preloading 1 native plugins for Editor in 0.31 ms.
Unloading 4495 Unused Serialized files (Serialized files now loaded: 0)
System memory in use before: 177.9 MB.
System memory in use after: 178.2 MB.

Unloading 26 unused Assets to reduce memory usage. Loaded Objects now: 5188.
Total: 3.536700 ms (FindLiveObjects: 0.439800 ms CreateObjectMapping: 0.236500 ms MarkObjects: 2.824200 ms  DeleteObjects: 0.034100 ms)

AssetImportParameters requested are different than current active one (requested -> active):
  custom:graphics/normal-map-encoding: 01000000000000000000000000000000 -> 02000000000000000000000000000000
========================================================================
Received Prepare
Registering precompiled user dll's ...
Registered in 0.023475 seconds.
Begin MonoManager ReloadAssembly
Native extension for WindowsStandalone target not found
Refreshing native plugins compatible for Editor in 1.57 ms, found 9 plugins.
Preloading 1 native plugins for Editor in 0.25 ms.
NullReferenceException: Object reference not set to an instance of an object
  at Unity.XR.Oculus.OculusLoader.AssetPathToAbsolutePath (System.String assetPath) [0x00048] in D:\UnityProjects\VRExperiment\Library\PackageCache\com.unity.xr.oculus@1.9.0\Runtime\OculusLoader.cs:249 
  at Unity.XR.Oculus.OculusLoader.EditorLoadOVRPlugin () [0x0007b] in D:\UnityProjects\VRExperiment\Library\PackageCache\com.unity.xr.oculus@1.9.0\Runtime\OculusLoader.cs:234 

(Filename: Library/PackageCache/com.unity.xr.oculus@1.9.0/Runtime/OculusLoader.cs Line: 249)

Mono: successfully reloaded assembly
- Completed reload, in  1.990 seconds
Platform modules already initialized, skipping
Switching build target platform(19) subTarget(0) extendedPlatform(0) -> platform(13) subTarget(524288) extendedPlatform(0)
Shader 'Universal Render Pipeline/Particles/Lit': fallback shader 'Universal Render Pipeline/Particles/SimpleLit' not found
Refreshing native plugins compatible for Editor in 1.56 ms, found 9 plugins.
Preloading 1 native plugins for Editor in 0.23 ms.
Unloading 4495 Unused Serialized files (Serialized files now loaded: 0)
System memory in use before: 177.9 MB.
System memory in use after: 178.2 MB.

Unloading 26 unused Assets to reduce memory usage. Loaded Objects now: 5192.
Total: 3.604300 ms (FindLiveObjects: 0.467200 ms CreateObjectMapping: 0.234200 ms MarkObjects: 2.864300 ms  DeleteObjects: 0.036900 ms)

AssetImportParameters requested are different than current active one (requested -> active):
  custom:graphics/normal-map-encoding: 01000000000000000000000000000000 -> 02000000000000000000000000000000
========================================================================
Received Prepare
Registering precompiled user dll's ...
Registered in 0.024458 seconds.
Begin MonoManager ReloadAssembly
Native extension for WindowsStandalone target not found
Refreshing native plugins compatible for Editor in 1.53 ms, found 9 plugins.
Preloading 1 native plugins for Editor in 0.25 ms.
NullReferenceException: Object reference not set to an instance of an object
  at Unity.XR.Oculus.OculusLoader.AssetPathToAbsolutePath (System.String assetPath) [0x00048] in D:\UnityProjects\VRExperiment\Library\PackageCache\com.unity.xr.oculus@1.9.0\Runtime\OculusLoader.cs:249 
  at Unity.XR.Oculus.OculusLoader.EditorLoadOVRPlugin () [0x0007b] in D:\UnityProjects\VRExperiment\Library\PackageCache\com.unity.xr.oculus@1.9.0\Runtime\OculusLoader.cs:234 

(Filename: Library/PackageCache/com.unity.xr.oculus@1.9.0/Runtime/OculusLoader.cs Line: 249)

Mono: successfully reloaded assembly
- Completed reload, in  1.873 seconds
Platform modules already initialized, skipping
Switching build target platform(19) subTarget(0) extendedPlatform(0) -> platform(13) subTarget(524288) extendedPlatform(0)
Shader 'Universal Render Pipeline/Particles/Lit': fallback shader 'Universal Render Pipeline/Particles/SimpleLit' not found
Refreshing native plugins compatible for Editor in 1.54 ms, found 9 plugins.
Preloading 1 native plugins for Editor in 0.22 ms.
Unloading 4495 Unused Serialized files (Serialized files now loaded: 0)
System memory in use before: 177.8 MB.
System memory in use after: 178.1 MB.

Unloading 26 unused Assets to reduce memory usage. Loaded Objects now: 5196.
Total: 3.912100 ms (FindLiveObjects: 0.462300 ms CreateObjectMapping: 0.235800 ms MarkObjects: 3.168300 ms  DeleteObjects: 0.043800 ms)

AssetImportParameters requested are different than current active one (requested -> active):
  custom:graphics/normal-map-encoding: 01000000000000000000000000000000 -> 02000000000000000000000000000000
========================================================================
Received Prepare
Registering precompiled user dll's ...
Registered in 0.024056 seconds.
Begin MonoManager ReloadAssembly
Native extension for WindowsStandalone target not found
Refreshing native plugins compatible for Editor in 1.51 ms, found 9 plugins.
Preloading 1 native plugins for Editor in 0.24 ms.
NullReferenceException: Object reference not set to an instance of an object
  at Unity.XR.Oculus.OculusLoader.AssetPathToAbsolutePath (System.String assetPath) [0x00048] in D:\UnityProjects\VRExperiment\Library\PackageCache\com.unity.xr.oculus@1.9.0\Runtime\OculusLoader.cs:249 
  at Unity.XR.Oculus.OculusLoader.EditorLoadOVRPlugin () [0x0007b] in D:\UnityProjects\VRExperiment\Library\PackageCache\com.unity.xr.oculus@1.9.0\Runtime\OculusLoader.cs:234 

(Filename: Library/PackageCache/com.unity.xr.oculus@1.9.0/Runtime/OculusLoader.cs Line: 249)

Mono: successfully reloaded assembly
- Completed reload, in  1.918 seconds
Platform modules already initialized, skipping
Switching build target platform(19) subTarget(0) extendedPlatform(0) -> platform(13) subTarget(524288) extendedPlatform(0)
Shader 'Universal Render Pipeline/Particles/Lit': fallback shader 'Universal Render Pipeline/Particles/SimpleLit' not found
Refreshing native plugins compatible for Editor in 1.53 ms, found 9 plugins.
Preloading 1 native plugins for Editor in 0.23 ms.
Unloading 4495 Unused Serialized files (Serialized files now loaded: 0)
System memory in use before: 177.8 MB.
System memory in use after: 178.1 MB.

Unloading 26 unused Assets to reduce memory usage. Loaded Objects now: 5200.
Total: 3.943100 ms (FindLiveObjects: 0.448000 ms CreateObjectMapping: 0.233900 ms MarkObjects: 3.217900 ms  DeleteObjects: 0.041400 ms)

AssetImportParameters requested are different than current active one (requested -> active):
  custom:graphics/normal-map-encoding: 01000000000000000000000000000000 -> 02000000000000000000000000000000
========================================================================
Received Import Request.
  Time since last request: 877.244591 seconds.
  path: Assets/Controller.prefab
  artifactKey: Guid(9dd19ac2a90a1c8478af9c5484875339) Importer(815301076,1909f56bfc062723c751e8b465ee728b)
Start importing Assets/Controller.prefab using Guid(9dd19ac2a90a1c8478af9c5484875339) Importer(815301076,1909f56bfc062723c751e8b465ee728b)  -> (artifact id: '6e6db889ccadd80bdc3c30f5e9064d35') in 0.323963 seconds 
========================================================================
Received Prepare
Registering precompiled user dll's ...
Registered in 0.027591 seconds.
Begin MonoManager ReloadAssembly
Native extension for WindowsStandalone target not found
Refreshing native plugins compatible for Editor in 1.63 ms, found 9 plugins.
Preloading 1 native plugins for Editor in 0.28 ms.
NullReferenceException: Object reference not set to an instance of an object
  at Unity.XR.Oculus.OculusLoader.AssetPathToAbsolutePath (System.String assetPath) [0x00048] in D:\UnityProjects\VRExperiment\Library\PackageCache\com.unity.xr.oculus@1.9.0\Runtime\OculusLoader.cs:249 
  at Unity.XR.Oculus.OculusLoader.EditorLoadOVRPlugin () [0x0007b] in D:\UnityProjects\VRExperiment\Library\PackageCache\com.unity.xr.oculus@1.9.0\Runtime\OculusLoader.cs:234 

(Filename: Library/PackageCache/com.unity.xr.oculus@1.9.0/Runtime/OculusLoader.cs Line: 249)

Mono: successfully reloaded assembly
- Completed reload, in  2.055 seconds
Platform modules already initialized, skipping
Switching build target platform(19) subTarget(0) extendedPlatform(0) -> platform(13) subTarget(524288) extendedPlatform(0)
Shader 'Universal Render Pipeline/Particles/Lit': fallback shader 'Universal Render Pipeline/Particles/SimpleLit' not found
Refreshing native plugins compatible for Editor in 1.52 ms, found 9 plugins.
Preloading 1 native plugins for Editor in 0.21 ms.
Unloading 4495 Unused Serialized files (Serialized files now loaded: 0)
System memory in use before: 178.0 MB.
System memory in use after: 178.3 MB.

Unloading 26 unused Assets to reduce memory usage. Loaded Objects now: 5240.
Total: 3.746300 ms (FindLiveObjects: 0.433500 ms CreateObjectMapping: 0.240200 ms MarkObjects: 3.040800 ms  DeleteObjects: 0.030000 ms)

AssetImportParameters requested are different than current active one (requested -> active):
  custom:graphics/normal-map-encoding: 01000000000000000000000000000000 -> 02000000000000000000000000000000
========================================================================
Received Import Request.
  Time since last request: 116.460125 seconds.
  path: Assets/CollisionObject.cs
  artifactKey: Guid(ab9706aed913a6f428351f4fa9339cf7) Importer(815301076,1909f56bfc062723c751e8b465ee728b)
Start importing Assets/CollisionObject.cs using Guid(ab9706aed913a6f428351f4fa9339cf7) Importer(815301076,1909f56bfc062723c751e8b465ee728b)  -> (artifact id: 'cc52e7c848e6fdd87bc4b513c298da17') in 0.014411 seconds 
========================================================================
Received Prepare
Registering precompiled user dll's ...
Registered in 0.024015 seconds.
Begin MonoManager ReloadAssembly
Native extension for WindowsStandalone target not found
Refreshing native plugins compatible for Editor in 1.56 ms, found 9 plugins.
Preloading 1 native plugins for Editor in 0.25 ms.
NullReferenceException: Object reference not set to an instance of an object
  at Unity.XR.Oculus.OculusLoader.AssetPathToAbsolutePath (System.String assetPath) [0x00048] in D:\UnityProjects\VRExperiment\Library\PackageCache\com.unity.xr.oculus@1.9.0\Runtime\OculusLoader.cs:249 
  at Unity.XR.Oculus.OculusLoader.EditorLoadOVRPlugin () [0x0007b] in D:\UnityProjects\VRExperiment\Library\PackageCache\com.unity.xr.oculus@1.9.0\Runtime\OculusLoader.cs:234 

(Filename: Library/PackageCache/com.unity.xr.oculus@1.9.0/Runtime/OculusLoader.cs Line: 249)

Mono: successfully reloaded assembly
- Completed reload, in  1.955 seconds
Platform modules already initialized, skipping
Switching build target platform(19) subTarget(0) extendedPlatform(0) -> platform(13) subTarget(524288) extendedPlatform(0)
Shader 'Universal Render Pipeline/Particles/Lit': fallback shader 'Universal Render Pipeline/Particles/SimpleLit' not found
Refreshing native plugins compatible for Editor in 1.51 ms, found 9 plugins.
Preloading 1 native plugins for Editor in 0.22 ms.
Unloading 4495 Unused Serialized files (Serialized files now loaded: 0)
System memory in use before: 177.9 MB.
System memory in use after: 178.2 MB.

Unloading 26 unused Assets to reduce memory usage. Loaded Objects now: 5244.
Total: 4.088100 ms (FindLiveObjects: 0.700800 ms CreateObjectMapping: 0.302000 ms MarkObjects: 3.046200 ms  DeleteObjects: 0.036800 ms)

AssetImportParameters requested are different than current active one (requested -> active):
  custom:graphics/normal-map-encoding: 01000000000000000000000000000000 -> 02000000000000000000000000000000
========================================================================
Received Prepare
Registering precompiled user dll's ...
Registered in 0.023409 seconds.
Begin MonoManager ReloadAssembly
Native extension for WindowsStandalone target not found
Refreshing native plugins compatible for Editor in 1.54 ms, found 9 plugins.
Preloading 1 native plugins for Editor in 0.26 ms.
NullReferenceException: Object reference not set to an instance of an object
  at Unity.XR.Oculus.OculusLoader.AssetPathToAbsolutePath (System.String assetPath) [0x00048] in D:\UnityProjects\VRExperiment\Library\PackageCache\com.unity.xr.oculus@1.9.0\Runtime\OculusLoader.cs:249 
  at Unity.XR.Oculus.OculusLoader.EditorLoadOVRPlugin () [0x0007b] in D:\UnityProjects\VRExperiment\Library\PackageCache\com.unity.xr.oculus@1.9.0\Runtime\OculusLoader.cs:234 

(Filename: Library/PackageCache/com.unity.xr.oculus@1.9.0/Runtime/OculusLoader.cs Line: 249)

Mono: successfully reloaded assembly
- Completed reload, in  2.001 seconds
Platform modules already initialized, skipping
Switching build target platform(19) subTarget(0) extendedPlatform(0) -> platform(13) subTarget(524288) extendedPlatform(0)
Shader 'Universal Render Pipeline/Particles/Lit': fallback shader 'Universal Render Pipeline/Particles/SimpleLit' not found
Refreshing native plugins compatible for Editor in 1.56 ms, found 9 plugins.
Preloading 1 native plugins for Editor in 0.22 ms.
Unloading 4495 Unused Serialized files (Serialized files now loaded: 0)
System memory in use before: 177.9 MB.
System memory in use after: 178.2 MB.

Unloading 26 unused Assets to reduce memory usage. Loaded Objects now: 5248.
Total: 3.554300 ms (FindLiveObjects: 0.456100 ms CreateObjectMapping: 0.240300 ms MarkObjects: 2.825200 ms  DeleteObjects: 0.030800 ms)

AssetImportParameters requested are different than current active one (requested -> active):
  custom:graphics/normal-map-encoding: 01000000000000000000000000000000 -> 02000000000000000000000000000000
========================================================================
Received Prepare
Registering precompiled user dll's ...
Registered in 0.023217 seconds.
Begin MonoManager ReloadAssembly
Native extension for WindowsStandalone target not found
Refreshing native plugins compatible for Editor in 1.52 ms, found 9 plugins.
Preloading 1 native plugins for Editor in 0.25 ms.
NullReferenceException: Object reference not set to an instance of an object
  at Unity.XR.Oculus.OculusLoader.AssetPathToAbsolutePath (System.String assetPath) [0x00048] in D:\UnityProjects\VRExperiment\Library\PackageCache\com.unity.xr.oculus@1.9.0\Runtime\OculusLoader.cs:249 
  at Unity.XR.Oculus.OculusLoader.EditorLoadOVRPlugin () [0x0007b] in D:\UnityProjects\VRExperiment\Library\PackageCache\com.unity.xr.oculus@1.9.0\Runtime\OculusLoader.cs:234 

(Filename: Library/PackageCache/com.unity.xr.oculus@1.9.0/Runtime/OculusLoader.cs Line: 249)

Mono: successfully reloaded assembly
- Completed reload, in  1.988 seconds
Platform modules already initialized, skipping
Switching build target platform(19) subTarget(0) extendedPlatform(0) -> platform(13) subTarget(524288) extendedPlatform(0)
Shader 'Universal Render Pipeline/Particles/Lit': fallback shader 'Universal Render Pipeline/Particles/SimpleLit' not found
Refreshing native plugins compatible for Editor in 1.50 ms, found 9 plugins.
Preloading 1 native plugins for Editor in 0.22 ms.
Unloading 4495 Unused Serialized files (Serialized files now loaded: 0)
System memory in use before: 177.9 MB.
System memory in use after: 178.2 MB.

Unloading 26 unused Assets to reduce memory usage. Loaded Objects now: 5252.
Total: 3.856200 ms (FindLiveObjects: 0.473900 ms CreateObjectMapping: 0.243800 ms MarkObjects: 3.101400 ms  DeleteObjects: 0.035300 ms)

AssetImportParameters requested are different than current active one (requested -> active):
  custom:graphics/normal-map-encoding: 01000000000000000000000000000000 -> 02000000000000000000000000000000
========================================================================
Received Prepare
Registering precompiled user dll's ...
Registered in 0.024058 seconds.
Begin MonoManager ReloadAssembly
Native extension for WindowsStandalone target not found
Refreshing native plugins compatible for Editor in 1.51 ms, found 9 plugins.
Preloading 1 native plugins for Editor in 0.22 ms.
NullReferenceException: Object reference not set to an instance of an object
  at Unity.XR.Oculus.OculusLoader.AssetPathToAbsolutePath (System.String assetPath) [0x00048] in D:\UnityProjects\VRExperiment\Library\PackageCache\com.unity.xr.oculus@1.9.0\Runtime\OculusLoader.cs:249 
  at Unity.XR.Oculus.OculusLoader.EditorLoadOVRPlugin () [0x0007b] in D:\UnityProjects\VRExperiment\Library\PackageCache\com.unity.xr.oculus@1.9.0\Runtime\OculusLoader.cs:234 

(Filename: Library/PackageCache/com.unity.xr.oculus@1.9.0/Runtime/OculusLoader.cs Line: 249)

Mono: successfully reloaded assembly
- Completed reload, in  2.026 seconds
Platform modules already initialized, skipping
Switching build target platform(19) subTarget(0) extendedPlatform(0) -> platform(13) subTarget(524288) extendedPlatform(0)
Shader 'Universal Render Pipeline/Particles/Lit': fallback shader 'Universal Render Pipeline/Particles/SimpleLit' not found
Refreshing native plugins compatible for Editor in 1.50 ms, found 9 plugins.
Preloading 1 native plugins for Editor in 0.22 ms.
Unloading 4495 Unused Serialized files (Serialized files now loaded: 0)
System memory in use before: 177.9 MB.
System memory in use after: 178.2 MB.

Unloading 26 unused Assets to reduce memory usage. Loaded Objects now: 5256.
Total: 4.040400 ms (FindLiveObjects: 0.443400 ms CreateObjectMapping: 0.248700 ms MarkObjects: 3.293800 ms  DeleteObjects: 0.052100 ms)

AssetImportParameters requested are different than current active one (requested -> active):
  custom:graphics/normal-map-encoding: 01000000000000000000000000000000 -> 02000000000000000000000000000000
========================================================================
Received Prepare
Registering precompiled user dll's ...
Registered in 0.023828 seconds.
Begin MonoManager ReloadAssembly
Native extension for WindowsStandalone target not found
Refreshing native plugins compatible for Editor in 1.61 ms, found 9 plugins.
Preloading 1 native plugins for Editor in 0.25 ms.
NullReferenceException: Object reference not set to an instance of an object
  at Unity.XR.Oculus.OculusLoader.AssetPathToAbsolutePath (System.String assetPath) [0x00048] in D:\UnityProjects\VRExperiment\Library\PackageCache\com.unity.xr.oculus@1.9.0\Runtime\OculusLoader.cs:249 
  at Unity.XR.Oculus.OculusLoader.EditorLoadOVRPlugin () [0x0007b] in D:\UnityProjects\VRExperiment\Library\PackageCache\com.unity.xr.oculus@1.9.0\Runtime\OculusLoader.cs:234 

(Filename: Library/PackageCache/com.unity.xr.oculus@1.9.0/Runtime/OculusLoader.cs Line: 249)

Mono: successfully reloaded assembly
- Completed reload, in  2.074 seconds
Platform modules already initialized, skipping
Switching build target platform(19) subTarget(0) extendedPlatform(0) -> platform(13) subTarget(524288) extendedPlatform(0)
Shader 'Universal Render Pipeline/Particles/Lit': fallback shader 'Universal Render Pipeline/Particles/SimpleLit' not found
Refreshing native plugins compatible for Editor in 1.51 ms, found 9 plugins.
Preloading 1 native plugins for Editor in 0.21 ms.
Unloading 4495 Unused Serialized files (Serialized files now loaded: 0)
System memory in use before: 178.0 MB.
System memory in use after: 178.2 MB.

Unloading 26 unused Assets to reduce memory usage. Loaded Objects now: 5260.
Total: 3.682500 ms (FindLiveObjects: 0.459800 ms CreateObjectMapping: 0.235600 ms MarkObjects: 2.947900 ms  DeleteObjects: 0.037300 ms)

AssetImportParameters requested are different than current active one (requested -> active):
  custom:graphics/normal-map-encoding: 01000000000000000000000000000000 -> 02000000000000000000000000000000
========================================================================
Received Prepare
Registering precompiled user dll's ...
Registered in 0.023932 seconds.
Begin MonoManager ReloadAssembly
Native extension for WindowsStandalone target not found
Refreshing native plugins compatible for Editor in 1.51 ms, found 9 plugins.
Preloading 1 native plugins for Editor in 0.27 ms.
NullReferenceException: Object reference not set to an instance of an object
  at Unity.XR.Oculus.OculusLoader.AssetPathToAbsolutePath (System.String assetPath) [0x00048] in D:\UnityProjects\VRExperiment\Library\PackageCache\com.unity.xr.oculus@1.9.0\Runtime\OculusLoader.cs:249 
  at Unity.XR.Oculus.OculusLoader.EditorLoadOVRPlugin () [0x0007b] in D:\UnityProjects\VRExperiment\Library\PackageCache\com.unity.xr.oculus@1.9.0\Runtime\OculusLoader.cs:234 

(Filename: Library/PackageCache/com.unity.xr.oculus@1.9.0/Runtime/OculusLoader.cs Line: 249)

Mono: successfully reloaded assembly
- Completed reload, in  1.960 seconds
Platform modules already initialized, skipping
Switching build target platform(19) subTarget(0) extendedPlatform(0) -> platform(13) subTarget(524288) extendedPlatform(0)
Shader 'Universal Render Pipeline/Particles/Lit': fallback shader 'Universal Render Pipeline/Particles/SimpleLit' not found
Refreshing native plugins compatible for Editor in 1.49 ms, found 9 plugins.
Preloading 1 native plugins for Editor in 0.21 ms.
Unloading 4495 Unused Serialized files (Serialized files now loaded: 0)
System memory in use before: 178.0 MB.
System memory in use after: 178.2 MB.

Unloading 26 unused Assets to reduce memory usage. Loaded Objects now: 5264.
Total: 3.602400 ms (FindLiveObjects: 0.438100 ms CreateObjectMapping: 0.301600 ms MarkObjects: 2.826000 ms  DeleteObjects: 0.035400 ms)

AssetImportParameters requested are different than current active one (requested -> active):
  custom:graphics/normal-map-encoding: 01000000000000000000000000000000 -> 02000000000000000000000000000000
========================================================================
Received Prepare
Registering precompiled user dll's ...
Registered in 0.023932 seconds.
Begin MonoManager ReloadAssembly
Native extension for WindowsStandalone target not found
Refreshing native plugins compatible for Editor in 1.56 ms, found 9 plugins.
Preloading 1 native plugins for Editor in 0.24 ms.
NullReferenceException: Object reference not set to an instance of an object
  at Unity.XR.Oculus.OculusLoader.AssetPathToAbsolutePath (System.String assetPath) [0x00048] in D:\UnityProjects\VRExperiment\Library\PackageCache\com.unity.xr.oculus@1.9.0\Runtime\OculusLoader.cs:249 
  at Unity.XR.Oculus.OculusLoader.EditorLoadOVRPlugin () [0x0007b] in D:\UnityProjects\VRExperiment\Library\PackageCache\com.unity.xr.oculus@1.9.0\Runtime\OculusLoader.cs:234 

(Filename: Library/PackageCache/com.unity.xr.oculus@1.9.0/Runtime/OculusLoader.cs Line: 249)

Mono: successfully reloaded assembly
- Completed reload, in  2.144 seconds
Platform modules already initialized, skipping
Switching build target platform(19) subTarget(0) extendedPlatform(0) -> platform(13) subTarget(524288) extendedPlatform(0)
Shader 'Universal Render Pipeline/Particles/Lit': fallback shader 'Universal Render Pipeline/Particles/SimpleLit' not found
Refreshing native plugins compatible for Editor in 2.05 ms, found 9 plugins.
Preloading 1 native plugins for Editor in 0.25 ms.
Unloading 4495 Unused Serialized files (Serialized files now loaded: 0)
System memory in use before: 178.0 MB.
System memory in use after: 178.2 MB.

Unloading 26 unused Assets to reduce memory usage. Loaded Objects now: 5268.
Total: 4.047600 ms (FindLiveObjects: 0.466000 ms CreateObjectMapping: 0.238100 ms MarkObjects: 3.303400 ms  DeleteObjects: 0.037900 ms)

AssetImportParameters requested are different than current active one (requested -> active):
  custom:graphics/normal-map-encoding: 01000000000000000000000000000000 -> 02000000000000000000000000000000
========================================================================
Received Prepare
Registering precompiled user dll's ...
Registered in 0.023567 seconds.
Begin MonoManager ReloadAssembly
Native extension for WindowsStandalone target not found
Refreshing native plugins compatible for Editor in 1.52 ms, found 9 plugins.
Preloading 1 native plugins for Editor in 0.24 ms.
NullReferenceException: Object reference not set to an instance of an object
  at Unity.XR.Oculus.OculusLoader.AssetPathToAbsolutePath (System.String assetPath) [0x00048] in D:\UnityProjects\VRExperiment\Library\PackageCache\com.unity.xr.oculus@1.9.0\Runtime\OculusLoader.cs:249 
  at Unity.XR.Oculus.OculusLoader.EditorLoadOVRPlugin () [0x0007b] in D:\UnityProjects\VRExperiment\Library\PackageCache\com.unity.xr.oculus@1.9.0\Runtime\OculusLoader.cs:234 

(Filename: Library/PackageCache/com.unity.xr.oculus@1.9.0/Runtime/OculusLoader.cs Line: 249)

Mono: successfully reloaded assembly
- Completed reload, in  2.098 seconds
Platform modules already initialized, skipping
Switching build target platform(19) subTarget(0) extendedPlatform(0) -> platform(13) subTarget(524288) extendedPlatform(0)
Shader 'Universal Render Pipeline/Particles/Lit': fallback shader 'Universal Render Pipeline/Particles/SimpleLit' not found
Refreshing native plugins compatible for Editor in 1.52 ms, found 9 plugins.
Preloading 1 native plugins for Editor in 0.22 ms.
Unloading 4495 Unused Serialized files (Serialized files now loaded: 0)
System memory in use before: 178.0 MB.
System memory in use after: 178.3 MB.

Unloading 26 unused Assets to reduce memory usage. Loaded Objects now: 5272.
Total: 3.546200 ms (FindLiveObjects: 0.453000 ms CreateObjectMapping: 0.249300 ms MarkObjects: 2.808900 ms  DeleteObjects: 0.033300 ms)

AssetImportParameters requested are different than current active one (requested -> active):
  custom:graphics/normal-map-encoding: 01000000000000000000000000000000 -> 02000000000000000000000000000000
========================================================================
Received Prepare
Registering precompiled user dll's ...
Registered in 0.025927 seconds.
Begin MonoManager ReloadAssembly
Native extension for WindowsStandalone target not found
Refreshing native plugins compatible for Editor in 1.63 ms, found 9 plugins.
Preloading 1 native plugins for Editor in 0.25 ms.
NullReferenceException: Object reference not set to an instance of an object
  at Unity.XR.Oculus.OculusLoader.AssetPathToAbsolutePath (System.String assetPath) [0x00048] in D:\UnityProjects\VRExperiment\Library\PackageCache\com.unity.xr.oculus@1.9.0\Runtime\OculusLoader.cs:249 
  at Unity.XR.Oculus.OculusLoader.EditorLoadOVRPlugin () [0x0007b] in D:\UnityProjects\VRExperiment\Library\PackageCache\com.unity.xr.oculus@1.9.0\Runtime\OculusLoader.cs:234 

(Filename: Library/PackageCache/com.unity.xr.oculus@1.9.0/Runtime/OculusLoader.cs Line: 249)

Mono: successfully reloaded assembly
- Completed reload, in  2.106 seconds
Platform modules already initialized, skipping
Switching build target platform(19) subTarget(0) extendedPlatform(0) -> platform(13) subTarget(524288) extendedPlatform(0)
Shader 'Universal Render Pipeline/Particles/Lit': fallback shader 'Universal Render Pipeline/Particles/SimpleLit' not found
Refreshing native plugins compatible for Editor in 1.83 ms, found 9 plugins.
Preloading 1 native plugins for Editor in 0.27 ms.
Unloading 4495 Unused Serialized files (Serialized files now loaded: 0)
System memory in use before: 178.0 MB.
System memory in use after: 178.3 MB.

Unloading 26 unused Assets to reduce memory usage. Loaded Objects now: 5276.
Total: 6.462400 ms (FindLiveObjects: 0.951900 ms CreateObjectMapping: 0.461800 ms MarkObjects: 4.992400 ms  DeleteObjects: 0.054000 ms)

AssetImportParameters requested are different than current active one (requested -> active):
  custom:graphics/normal-map-encoding: 01000000000000000000000000000000 -> 02000000000000000000000000000000
========================================================================
Received Prepare
Registering precompiled user dll's ...
Registered in 0.025352 seconds.
Begin MonoManager ReloadAssembly
Native extension for WindowsStandalone target not found
Refreshing native plugins compatible for Editor in 1.51 ms, found 9 plugins.
Preloading 1 native plugins for Editor in 0.24 ms.
NullReferenceException: Object reference not set to an instance of an object
  at Unity.XR.Oculus.OculusLoader.AssetPathToAbsolutePath (System.String assetPath) [0x00048] in D:\UnityProjects\VRExperiment\Library\PackageCache\com.unity.xr.oculus@1.9.0\Runtime\OculusLoader.cs:249 
  at Unity.XR.Oculus.OculusLoader.EditorLoadOVRPlugin () [0x0007b] in D:\UnityProjects\VRExperiment\Library\PackageCache\com.unity.xr.oculus@1.9.0\Runtime\OculusLoader.cs:234 

(Filename: Library/PackageCache/com.unity.xr.oculus@1.9.0/Runtime/OculusLoader.cs Line: 249)

Mono: successfully reloaded assembly
- Completed reload, in  2.079 seconds
Platform modules already initialized, skipping
Switching build target platform(19) subTarget(0) extendedPlatform(0) -> platform(13) subTarget(524288) extendedPlatform(0)
Shader 'Universal Render Pipeline/Particles/Lit': fallback shader 'Universal Render Pipeline/Particles/SimpleLit' not found
Refreshing native plugins compatible for Editor in 1.50 ms, found 9 plugins.
Preloading 1 native plugins for Editor in 0.21 ms.
Unloading 4495 Unused Serialized files (Serialized files now loaded: 0)
System memory in use before: 178.0 MB.
System memory in use after: 178.3 MB.

Unloading 26 unused Assets to reduce memory usage. Loaded Objects now: 5280.
Total: 3.669200 ms (FindLiveObjects: 0.460300 ms CreateObjectMapping: 0.235700 ms MarkObjects: 2.945200 ms  DeleteObjects: 0.026200 ms)

AssetImportParameters requested are different than current active one (requested -> active):
  custom:graphics/normal-map-encoding: 01000000000000000000000000000000 -> 02000000000000000000000000000000
========================================================================
Received Import Request.
  Time since last request: 613.058546 seconds.
  path: Assets/Cube.prefab
  artifactKey: Guid(e0ad4f21253929f4c8faf2d2aaca2693) Importer(815301076,1909f56bfc062723c751e8b465ee728b)
Start importing Assets/Cube.prefab using Guid(e0ad4f21253929f4c8faf2d2aaca2693) Importer(815301076,1909f56bfc062723c751e8b465ee728b)  -> (artifact id: 'd54e456b5459b43b5e07a4fa35faddd3') in 0.239128 seconds 
========================================================================
Received Prepare
Registering precompiled user dll's ...
Registered in 0.023623 seconds.
Begin MonoManager ReloadAssembly
Native extension for WindowsStandalone target not found
Refreshing native plugins compatible for Editor in 1.58 ms, found 9 plugins.
Preloading 1 native plugins for Editor in 0.25 ms.
NullReferenceException: Object reference not set to an instance of an object
  at Unity.XR.Oculus.OculusLoader.AssetPathToAbsolutePath (System.String assetPath) [0x00048] in D:\UnityProjects\VRExperiment\Library\PackageCache\com.unity.xr.oculus@1.9.0\Runtime\OculusLoader.cs:249 
  at Unity.XR.Oculus.OculusLoader.EditorLoadOVRPlugin () [0x0007b] in D:\UnityProjects\VRExperiment\Library\PackageCache\com.unity.xr.oculus@1.9.0\Runtime\OculusLoader.cs:234 

(Filename: Library/PackageCache/com.unity.xr.oculus@1.9.0/Runtime/OculusLoader.cs Line: 249)

Mono: successfully reloaded assembly
- Completed reload, in  2.078 seconds
Platform modules already initialized, skipping
Switching build target platform(19) subTarget(0) extendedPlatform(0) -> platform(13) subTarget(524288) extendedPlatform(0)
Shader 'Universal Render Pipeline/Particles/Lit': fallback shader 'Universal Render Pipeline/Particles/SimpleLit' not found
Refreshing native plugins compatible for Editor in 1.51 ms, found 9 plugins.
Preloading 1 native plugins for Editor in 0.22 ms.
Unloading 4495 Unused Serialized files (Serialized files now loaded: 0)
System memory in use before: 178.1 MB.
System memory in use after: 178.4 MB.

Unloading 26 unused Assets to reduce memory usage. Loaded Objects now: 5320.
Total: 3.805700 ms (FindLiveObjects: 0.446600 ms CreateObjectMapping: 0.238000 ms MarkObjects: 3.082100 ms  DeleteObjects: 0.037400 ms)

AssetImportParameters requested are different than current active one (requested -> active):
  custom:graphics/normal-map-encoding: 01000000000000000000000000000000 -> 02000000000000000000000000000000
========================================================================
Received Prepare
Shader 'Universal Render Pipeline/Particles/Lit': fallback shader 'Universal Render Pipeline/Particles/SimpleLit' not found
Refreshing native plugins compatible for Editor in 21.04 ms, found 9 plugins.
Preloading 1 native plugins for Editor in 0.18 ms.
Unloading 23 Unused Serialized files (Serialized files now loaded: 0)
System memory in use before: 91.5 MB.
System memory in use after: 91.8 MB.

Unloading 23 unused Assets to reduce memory usage. Loaded Objects now: 5320.
Total: 3.781400 ms (FindLiveObjects: 0.450000 ms CreateObjectMapping: 0.240400 ms MarkObjects: 3.059000 ms  DeleteObjects: 0.030700 ms)

========================================================================
Received Import Request.
  Time since last request: 1210.947276 seconds.
  path: Assets/KeepScore.cs
  artifactKey: Guid(b7b067dc4c8b314468830eaf44c3d29d) Importer(815301076,1909f56bfc062723c751e8b465ee728b)
Start importing Assets/KeepScore.cs using Guid(b7b067dc4c8b314468830eaf44c3d29d) Importer(815301076,1909f56bfc062723c751e8b465ee728b)  -> (artifact id: '3eb1937f3fb6462beee2b66628372c91') in 0.012469 seconds 
========================================================================
Received Prepare
Registering precompiled user dll's ...
Registered in 0.609162 seconds.
Begin MonoManager ReloadAssembly
Native extension for WindowsStandalone target not found
Refreshing native plugins compatible for Editor in 2.08 ms, found 9 plugins.
Preloading 1 native plugins for Editor in 0.29 ms.
NullReferenceException: Object reference not set to an instance of an object
  at Unity.XR.Oculus.OculusLoader.AssetPathToAbsolutePath (System.String assetPath) [0x00048] in D:\UnityProjects\VRExperiment\Library\PackageCache\com.unity.xr.oculus@1.9.0\Runtime\OculusLoader.cs:249 
  at Unity.XR.Oculus.OculusLoader.EditorLoadOVRPlugin () [0x0007b] in D:\UnityProjects\VRExperiment\Library\PackageCache\com.unity.xr.oculus@1.9.0\Runtime\OculusLoader.cs:234 

(Filename: Library/PackageCache/com.unity.xr.oculus@1.9.0/Runtime/OculusLoader.cs Line: 249)

Mono: successfully reloaded assembly
- Completed reload, in  2.418 seconds
Platform modules already initialized, skipping
Switching build target platform(19) subTarget(0) extendedPlatform(0) -> platform(13) subTarget(524288) extendedPlatform(0)
Shader 'Universal Render Pipeline/Particles/Lit': fallback shader 'Universal Render Pipeline/Particles/SimpleLit' not found
Refreshing native plugins compatible for Editor in 1.53 ms, found 9 plugins.
Preloading 1 native plugins for Editor in 0.21 ms.
Unloading 4496 Unused Serialized files (Serialized files now loaded: 0)
System memory in use before: 178.1 MB.
System memory in use after: 178.4 MB.

Unloading 26 unused Assets to reduce memory usage. Loaded Objects now: 5325.
Total: 3.948700 ms (FindLiveObjects: 0.529700 ms CreateObjectMapping: 0.314700 ms MarkObjects: 3.070500 ms  DeleteObjects: 0.032300 ms)

AssetImportParameters requested are different than current active one (requested -> active):
  custom:graphics/normal-map-encoding: 01000000000000000000000000000000 -> 02000000000000000000000000000000
========================================================================
Received Prepare
Registering precompiled user dll's ...
Registered in 0.023993 seconds.
Begin MonoManager ReloadAssembly
Native extension for WindowsStandalone target not found
Refreshing native plugins compatible for Editor in 1.59 ms, found 9 plugins.
Preloading 1 native plugins for Editor in 0.26 ms.
NullReferenceException: Object reference not set to an instance of an object
  at Unity.XR.Oculus.OculusLoader.AssetPathToAbsolutePath (System.String assetPath) [0x00048] in D:\UnityProjects\VRExperiment\Library\PackageCache\com.unity.xr.oculus@1.9.0\Runtime\OculusLoader.cs:249 
  at Unity.XR.Oculus.OculusLoader.EditorLoadOVRPlugin () [0x0007b] in D:\UnityProjects\VRExperiment\Library\PackageCache\com.unity.xr.oculus@1.9.0\Runtime\OculusLoader.cs:234 

(Filename: Library/PackageCache/com.unity.xr.oculus@1.9.0/Runtime/OculusLoader.cs Line: 249)

Mono: successfully reloaded assembly
- Completed reload, in  2.115 seconds
Platform modules already initialized, skipping
Switching build target platform(19) subTarget(0) extendedPlatform(0) -> platform(13) subTarget(524288) extendedPlatform(0)
Shader 'Universal Render Pipeline/Particles/Lit': fallback shader 'Universal Render Pipeline/Particles/SimpleLit' not found
Refreshing native plugins compatible for Editor in 1.51 ms, found 9 plugins.
Preloading 1 native plugins for Editor in 0.22 ms.
Unloading 4496 Unused Serialized files (Serialized files now loaded: 0)
System memory in use before: 178.1 MB.
System memory in use after: 178.4 MB.

Unloading 26 unused Assets to reduce memory usage. Loaded Objects now: 5329.
Total: 3.883900 ms (FindLiveObjects: 0.472500 ms CreateObjectMapping: 0.232000 ms MarkObjects: 3.150400 ms  DeleteObjects: 0.027000 ms)

AssetImportParameters requested are different than current active one (requested -> active):
  custom:graphics/normal-map-encoding: 01000000000000000000000000000000 -> 02000000000000000000000000000000
========================================================================
Received Import Request.
  Time since last request: 93.444643 seconds.
  path: Assets/KeepScore.cs
  artifactKey: Guid(b7b067dc4c8b314468830eaf44c3d29d) Importer(815301076,1909f56bfc062723c751e8b465ee728b)
Start importing Assets/KeepScore.cs using Guid(b7b067dc4c8b314468830eaf44c3d29d) Importer(815301076,1909f56bfc062723c751e8b465ee728b)  -> (artifact id: 'bf68f8393fee21f412e46ed996de40b6') in 0.009728 seconds 
========================================================================
Received Prepare
Registering precompiled user dll's ...
Registered in 0.027136 seconds.
Begin MonoManager ReloadAssembly
Native extension for WindowsStandalone target not found
Refreshing native plugins compatible for Editor in 1.48 ms, found 9 plugins.
Preloading 1 native plugins for Editor in 0.24 ms.
NullReferenceException: Object reference not set to an instance of an object
  at Unity.XR.Oculus.OculusLoader.AssetPathToAbsolutePath (System.String assetPath) [0x00048] in D:\UnityProjects\VRExperiment\Library\PackageCache\com.unity.xr.oculus@1.9.0\Runtime\OculusLoader.cs:249 
  at Unity.XR.Oculus.OculusLoader.EditorLoadOVRPlugin () [0x0007b] in D:\UnityProjects\VRExperiment\Library\PackageCache\com.unity.xr.oculus@1.9.0\Runtime\OculusLoader.cs:234 

(Filename: Library/PackageCache/com.unity.xr.oculus@1.9.0/Runtime/OculusLoader.cs Line: 249)

Mono: successfully reloaded assembly
- Completed reload, in  2.389 seconds
Platform modules already initialized, skipping
Switching build target platform(19) subTarget(0) extendedPlatform(0) -> platform(13) subTarget(524288) extendedPlatform(0)
Shader 'Universal Render Pipeline/Particles/Lit': fallback shader 'Universal Render Pipeline/Particles/SimpleLit' not found
Refreshing native plugins compatible for Editor in 1.57 ms, found 9 plugins.
Preloading 1 native plugins for Editor in 0.23 ms.
Unloading 4496 Unused Serialized files (Serialized files now loaded: 0)
System memory in use before: 178.1 MB.
System memory in use after: 178.4 MB.

Unloading 26 unused Assets to reduce memory usage. Loaded Objects now: 5333.
Total: 3.609800 ms (FindLiveObjects: 0.446000 ms CreateObjectMapping: 0.240100 ms MarkObjects: 2.893600 ms  DeleteObjects: 0.028600 ms)

AssetImportParameters requested are different than current active one (requested -> active):
  custom:graphics/normal-map-encoding: 01000000000000000000000000000000 -> 02000000000000000000000000000000
========================================================================
Received Prepare
Registering precompiled user dll's ...
Registered in 0.024838 seconds.
Begin MonoManager ReloadAssembly
Native extension for WindowsStandalone target not found
Refreshing native plugins compatible for Editor in 1.55 ms, found 9 plugins.
Preloading 1 native plugins for Editor in 0.28 ms.
NullReferenceException: Object reference not set to an instance of an object
  at Unity.XR.Oculus.OculusLoader.AssetPathToAbsolutePath (System.String assetPath) [0x00048] in D:\UnityProjects\VRExperiment\Library\PackageCache\com.unity.xr.oculus@1.9.0\Runtime\OculusLoader.cs:249 
  at Unity.XR.Oculus.OculusLoader.EditorLoadOVRPlugin () [0x0007b] in D:\UnityProjects\VRExperiment\Library\PackageCache\com.unity.xr.oculus@1.9.0\Runtime\OculusLoader.cs:234 

(Filename: Library/PackageCache/com.unity.xr.oculus@1.9.0/Runtime/OculusLoader.cs Line: 249)

Mono: successfully reloaded assembly
- Completed reload, in  2.304 seconds
Platform modules already initialized, skipping
Switching build target platform(19) subTarget(0) extendedPlatform(0) -> platform(13) subTarget(524288) extendedPlatform(0)
Shader 'Universal Render Pipeline/Particles/Lit': fallback shader 'Universal Render Pipeline/Particles/SimpleLit' not found
Refreshing native plugins compatible for Editor in 1.51 ms, found 9 plugins.
Preloading 1 native plugins for Editor in 0.21 ms.
Unloading 4496 Unused Serialized files (Serialized files now loaded: 0)
System memory in use before: 178.1 MB.
System memory in use after: 178.4 MB.

Unloading 26 unused Assets to reduce memory usage. Loaded Objects now: 5337.
Total: 3.754700 ms (FindLiveObjects: 0.448400 ms CreateObjectMapping: 0.235500 ms MarkObjects: 3.034900 ms  DeleteObjects: 0.034100 ms)

AssetImportParameters requested are different than current active one (requested -> active):
  custom:graphics/normal-map-encoding: 01000000000000000000000000000000 -> 02000000000000000000000000000000
========================================================================
Received Prepare
Registering precompiled user dll's ...
Registered in 0.023799 seconds.
Begin MonoManager ReloadAssembly
Native extension for WindowsStandalone target not found
Refreshing native plugins compatible for Editor in 1.52 ms, found 9 plugins.
Preloading 1 native plugins for Editor in 0.25 ms.
NullReferenceException: Object reference not set to an instance of an object
  at Unity.XR.Oculus.OculusLoader.AssetPathToAbsolutePath (System.String assetPath) [0x00048] in D:\UnityProjects\VRExperiment\Library\PackageCache\com.unity.xr.oculus@1.9.0\Runtime\OculusLoader.cs:249 
  at Unity.XR.Oculus.OculusLoader.EditorLoadOVRPlugin () [0x0007b] in D:\UnityProjects\VRExperiment\Library\PackageCache\com.unity.xr.oculus@1.9.0\Runtime\OculusLoader.cs:234 

(Filename: Library/PackageCache/com.unity.xr.oculus@1.9.0/Runtime/OculusLoader.cs Line: 249)

Mono: successfully reloaded assembly
- Completed reload, in  2.179 seconds
Platform modules already initialized, skipping
Switching build target platform(19) subTarget(0) extendedPlatform(0) -> platform(13) subTarget(524288) extendedPlatform(0)
Shader 'Universal Render Pipeline/Particles/Lit': fallback shader 'Universal Render Pipeline/Particles/SimpleLit' not found
Refreshing native plugins compatible for Editor in 1.59 ms, found 9 plugins.
Preloading 1 native plugins for Editor in 0.22 ms.
Unloading 4496 Unused Serialized files (Serialized files now loaded: 0)
System memory in use before: 178.1 MB.
System memory in use after: 178.4 MB.

Unloading 26 unused Assets to reduce memory usage. Loaded Objects now: 5341.
Total: 4.158900 ms (FindLiveObjects: 0.461000 ms CreateObjectMapping: 0.237100 ms MarkObjects: 3.414200 ms  DeleteObjects: 0.044800 ms)

AssetImportParameters requested are different than current active one (requested -> active):
  custom:graphics/normal-map-encoding: 01000000000000000000000000000000 -> 02000000000000000000000000000000
========================================================================
Received Prepare
Shader 'Universal Render Pipeline/Particles/Lit': fallback shader 'Universal Render Pipeline/Particles/SimpleLit' not found
Refreshing native plugins compatible for Editor in 21.17 ms, found 9 plugins.
Preloading 1 native plugins for Editor in 0.19 ms.
Unloading 23 Unused Serialized files (Serialized files now loaded: 0)
System memory in use before: 91.5 MB.
System memory in use after: 91.7 MB.

Unloading 23 unused Assets to reduce memory usage. Loaded Objects now: 5341.
Total: 3.559500 ms (FindLiveObjects: 0.451900 ms CreateObjectMapping: 0.236700 ms MarkObjects: 2.834800 ms  DeleteObjects: 0.034700 ms)

AssetImportWorkerClient::OnTransportError - code=2 error=End of file
